<?xml version="1.0" encoding="UTF-8"?>
<robot generator="Robot 7.0 (Python 3.10.6 on darwin)" generated="2024-01-20T13:35:31.107626" rpa="false" schemaversion="5">
<suite id="s1" name="LoginFacebook" source="/Users/nuntapong/workspace/learning/robot/LoginFacebook.robot">
<test id="s1-t1" name="Login facebook - Fail" line="22">
<kw name="Open Browser" owner="SeleniumLibrary">
<msg time="2024-01-20T13:35:31.171905" level="INFO">Opening browser 'chrome' to base url 'about:blank'.</msg>
<arg>about:blank</arg>
<arg>chrome</arg>
<doc>Opens a new browser instance to the optional ``url``.</doc>
<status status="PASS" start="2024-01-20T13:35:31.171782" elapsed="1.169366"/>
</kw>
<kw name="Go To" owner="SeleniumLibrary">
<msg time="2024-01-20T13:35:32.341641" level="INFO">Opening url 'https://www.facebook.com'</msg>
<arg>${url_facebook}</arg>
<doc>Navigates the current browser window to the provided ``url``.</doc>
<status status="PASS" start="2024-01-20T13:35:32.341463" elapsed="0.773807"/>
</kw>
<kw name="Verify facebook page">
<kw name="Title Should Be" owner="SeleniumLibrary">
<msg time="2024-01-20T13:35:33.118937" level="INFO">Page title is 'Facebook – log in or sign up'.</msg>
<arg>${title}</arg>
<doc>Verifies that the current page title equals ``title``.</doc>
<status status="PASS" start="2024-01-20T13:35:33.116179" elapsed="0.002824"/>
</kw>
<arg>${title_facebook}</arg>
<status status="PASS" start="2024-01-20T13:35:33.115720" elapsed="0.003364"/>
</kw>
<kw name="Input Username and Password">
<kw name="Element Should Be Visible" owner="SeleniumLibrary">
<msg time="2024-01-20T13:35:33.133858" level="INFO">Element '//*[@id="email"]' is displayed.</msg>
<arg>${xpath_user}</arg>
<doc>Verifies that the element identified by ``locator`` is visible.</doc>
<status status="PASS" start="2024-01-20T13:35:33.119604" elapsed="0.014321"/>
</kw>
<kw name="Element Should Be Visible" owner="SeleniumLibrary">
<msg time="2024-01-20T13:35:33.146008" level="INFO">Element '//*[@id="pass"]' is displayed.</msg>
<arg>${xpath_pass}</arg>
<doc>Verifies that the element identified by ``locator`` is visible.</doc>
<status status="PASS" start="2024-01-20T13:35:33.134058" elapsed="0.012007"/>
</kw>
<kw name="Input Text" owner="SeleniumLibrary">
<msg time="2024-01-20T13:35:33.146360" level="INFO">Typing text 'xxxxxxxxxxx' into text field '//*[@id="email"]'.</msg>
<arg>${xpath_user}</arg>
<arg>${username}</arg>
<doc>Types the given ``text`` into the text field identified by ``locator``.</doc>
<status status="PASS" start="2024-01-20T13:35:33.146184" elapsed="0.085129"/>
</kw>
<kw name="Input Text" owner="SeleniumLibrary">
<msg time="2024-01-20T13:35:33.231653" level="INFO">Typing text '1234567895959' into text field '//*[@id="pass"]'.</msg>
<arg>${xpath_pass}</arg>
<arg>${password}</arg>
<doc>Types the given ``text`` into the text field identified by ``locator``.</doc>
<status status="PASS" start="2024-01-20T13:35:33.231462" elapsed="0.038069"/>
</kw>
<arg>${input_user}</arg>
<arg>${input_pass}</arg>
<arg>${username_fail}</arg>
<arg>${password_fail}</arg>
<status status="PASS" start="2024-01-20T13:35:33.119259" elapsed="0.150361"/>
</kw>
<kw name="Click Button Login">
<kw name="Element Should Be Visible" owner="SeleniumLibrary">
<msg time="2024-01-20T13:35:33.278100" level="INFO">Element '//*[@class="_42ft _4jy0 _6lth _4jy6 _4jy1 selected _51sy"]' is displayed.</msg>
<arg>${btn}</arg>
<doc>Verifies that the element identified by ``locator`` is visible.</doc>
<status status="PASS" start="2024-01-20T13:35:33.269997" elapsed="0.008154"/>
</kw>
<kw name="Click Element" owner="SeleniumLibrary">
<msg time="2024-01-20T13:35:33.278374" level="INFO">Clicking element '//*[@class="_42ft _4jy0 _6lth _4jy6 _4jy1 selected _51sy"]'.</msg>
<arg>${btn}</arg>
<doc>Click the element identified by ``locator``.</doc>
<status status="PASS" start="2024-01-20T13:35:33.278250" elapsed="0.025089"/>
</kw>
<arg>${btn_login}</arg>
<status status="PASS" start="2024-01-20T13:35:33.269802" elapsed="0.033725"/>
</kw>
<kw name="Verify Login Fail">
<kw name="Title Should Be" owner="SeleniumLibrary">
<msg time="2024-01-20T13:35:52.445737" level="INFO">Page title is 'Log in to Facebook'.</msg>
<arg>${txt_message}</arg>
<doc>Verifies that the current page title equals ``title``.</doc>
<status status="PASS" start="2024-01-20T13:35:33.303986" elapsed="19.141875"/>
</kw>
<arg>${txt_message}</arg>
<status status="PASS" start="2024-01-20T13:35:33.303726" elapsed="19.142267"/>
</kw>
<tag>fail</tag>
<status status="PASS" start="2024-01-20T13:35:31.171187" elapsed="21.275050"/>
</test>
<test id="s1-t2" name="Login facebook - success" line="31">
<kw name="Open Browser" owner="SeleniumLibrary">
<msg time="2024-01-20T13:35:52.447394" level="INFO">Opening browser 'chrome' to base url 'about:blank'.</msg>
<arg>about:blank</arg>
<arg>chrome</arg>
<doc>Opens a new browser instance to the optional ``url``.</doc>
<status status="PASS" start="2024-01-20T13:35:52.446996" elapsed="1.178148"/>
</kw>
<kw name="Go To" owner="SeleniumLibrary">
<msg time="2024-01-20T13:35:53.625784" level="INFO">Opening url 'https://www.facebook.com'</msg>
<arg>${url_facebook}</arg>
<doc>Navigates the current browser window to the provided ``url``.</doc>
<status status="PASS" start="2024-01-20T13:35:53.625529" elapsed="0.745539"/>
</kw>
<kw name="Verify facebook page">
<kw name="Title Should Be" owner="SeleniumLibrary">
<msg time="2024-01-20T13:35:54.374285" level="INFO">Page title is 'Facebook – log in or sign up'.</msg>
<arg>${title}</arg>
<doc>Verifies that the current page title equals ``title``.</doc>
<status status="PASS" start="2024-01-20T13:35:54.371645" elapsed="0.002698"/>
</kw>
<arg>${title_facebook}</arg>
<status status="PASS" start="2024-01-20T13:35:54.371346" elapsed="0.003068"/>
</kw>
<kw name="Input Username and Password">
<kw name="Element Should Be Visible" owner="SeleniumLibrary">
<msg time="2024-01-20T13:35:54.387738" level="INFO">Element '//*[@id="email"]' is displayed.</msg>
<arg>${xpath_user}</arg>
<doc>Verifies that the element identified by ``locator`` is visible.</doc>
<status status="PASS" start="2024-01-20T13:35:54.374874" elapsed="0.012929"/>
</kw>
<kw name="Element Should Be Visible" owner="SeleniumLibrary">
<msg time="2024-01-20T13:35:54.397993" level="INFO">Element '//*[@id="pass"]' is displayed.</msg>
<arg>${xpath_pass}</arg>
<doc>Verifies that the element identified by ``locator`` is visible.</doc>
<status status="PASS" start="2024-01-20T13:35:54.387920" elapsed="0.010121"/>
</kw>
<kw name="Input Text" owner="SeleniumLibrary">
<msg time="2024-01-20T13:35:54.398282" level="INFO">Typing text '// real username' into text field '//*[@id="email"]'.</msg>
<arg>${xpath_user}</arg>
<arg>${username}</arg>
<doc>Types the given ``text`` into the text field identified by ``locator``.</doc>
<status status="PASS" start="2024-01-20T13:35:54.398139" elapsed="0.086063"/>
</kw>
<kw name="Input Text" owner="SeleniumLibrary">
<msg time="2024-01-20T13:35:54.484567" level="INFO">Typing text '// real password' into text field '//*[@id="pass"]'.</msg>
<arg>${xpath_pass}</arg>
<arg>${password}</arg>
<doc>Types the given ``text`` into the text field identified by ``locator``.</doc>
<status status="PASS" start="2024-01-20T13:35:54.484368" elapsed="0.036394"/>
</kw>
<arg>${input_user}</arg>
<arg>${input_pass}</arg>
<arg>${username_success}</arg>
<arg>${password_success}</arg>
<status status="PASS" start="2024-01-20T13:35:54.374575" elapsed="0.146272"/>
</kw>
<kw name="Click Button Login">
<kw name="Element Should Be Visible" owner="SeleniumLibrary">
<msg time="2024-01-20T13:35:54.529957" level="INFO">Element '//*[@class="_42ft _4jy0 _6lth _4jy6 _4jy1 selected _51sy"]' is displayed.</msg>
<arg>${btn}</arg>
<doc>Verifies that the element identified by ``locator`` is visible.</doc>
<status status="PASS" start="2024-01-20T13:35:54.521216" elapsed="0.008792"/>
</kw>
<kw name="Click Element" owner="SeleniumLibrary">
<msg time="2024-01-20T13:35:54.530235" level="INFO">Clicking element '//*[@class="_42ft _4jy0 _6lth _4jy6 _4jy1 selected _51sy"]'.</msg>
<arg>${btn}</arg>
<doc>Click the element identified by ``locator``.</doc>
<status status="PASS" start="2024-01-20T13:35:54.530108" elapsed="0.024291"/>
</kw>
<arg>${btn_login}</arg>
<status status="PASS" start="2024-01-20T13:35:54.521024" elapsed="0.033626"/>
</kw>
<tag>success</tag>
<status status="PASS" start="2024-01-20T13:35:52.446535" elapsed="2.108260"/>
</test>
<kw name="Close Browser" owner="SeleniumLibrary" type="TEARDOWN">
<doc>Closes the current browser.</doc>
<status status="PASS" start="2024-01-20T13:35:54.555211" elapsed="0.069390"/>
</kw>
<status status="PASS" start="2024-01-20T13:35:31.108487" elapsed="23.516244"/>
</suite>
<statistics>
<total>
<stat pass="2" fail="0" skip="0">All Tests</stat>
</total>
<tag>
<stat pass="1" fail="0" skip="0">fail</stat>
<stat pass="1" fail="0" skip="0">success</stat>
</tag>
<suite>
<stat pass="2" fail="0" skip="0" id="s1" name="LoginFacebook">LoginFacebook</stat>
</suite>
</statistics>
<errors>
</errors>
</robot>
